{"name": "长按验证是否出现详情页弹窗", "status": "broken", "statusDetails": {"message": "selenium.common.exceptions.TimeoutException: Message: \nStacktrace:\nNoSuchElementError: An element could not be located on the page using the given search parameters.\n    at AndroidUiautomator2Driver.findElOrEls (C:\\Program Files\\Appium\\resources\\app\\node_modules\\appium\\node_modules\\appium-android-driver\\lib\\commands\\find.js:75:11)", "trace": "app_driver = <appium.webdriver.webdriver.WebDriver (session=\"2584e8ac-e5d8-45b1-aa0a-2f30d97e5b00\")>\n\n    @pytest.fixture(scope=\"session\")\n    def logged_in_home_page(app_driver):\n        login_page = LoginPage(app_driver)\n>       home_page = login_page.login_successful()\n                    ^^^^^^^^^^^^^^^^^^^^^^^^^^^^^\n\n..\\..\\..\\..\\conftest.py:435: \n_ _ _ _ _ _ _ _ _ _ _ _ _ _ _ _ _ _ _ _ _ _ _ _ _ _ _ _ _ _ _ _ _ _ _ _ _ _ _ _\n..\\..\\..\\..\\pages\\nut_cloud_page\\login_page.py:122: in login_successful\n    self.input_username(username)\n..\\..\\..\\..\\pages\\nut_cloud_page\\login_page.py:65: in input_username\n    self.input_text(self.username_field, username)\n..\\..\\..\\..\\base\\base_page.py:282: in input_text\n    element = self.wait_for_element(locator, timeout, condition)\n              ^^^^^^^^^^^^^^^^^^^^^^^^^^^^^^^^^^^^^^^^^^^^^^^^^^\n..\\..\\..\\..\\base\\base_page.py:222: in wait_for_element\n    element = WebDriverWait(self.driver, timeout).until(\n_ _ _ _ _ _ _ _ _ _ _ _ _ _ _ _ _ _ _ _ _ _ _ _ _ _ _ _ _ _ _ _ _ _ _ _ _ _ _ _\n\nself = <selenium.webdriver.support.wait.WebDriverWait (session=\"2584e8ac-e5d8-45b1-aa0a-2f30d97e5b00\")>\nmethod = <function visibility_of_element_located.<locals>._predicate at 0x0000014F7F9C04A0>\nmessage = ''\n\n    def until(self, method: Callable[[D], Union[Literal[False], T]], message: str = \"\") -> T:\n        \"\"\"Wait until the method returns a value that is not False.\n    \n        Calls the method provided with the driver as an argument until the\n        return value does not evaluate to ``False``.\n    \n        Parameters:\n        -----------\n        method: callable(WebDriver)\n            - A callable object that takes a WebDriver instance as an argument.\n    \n        message: str\n            - Optional message for :exc:`TimeoutException`\n    \n        Return:\n        -------\n        object: T\n            - The result of the last call to `method`\n    \n        Raises:\n        -------\n        TimeoutException\n            - If 'method' does not return a truthy value within the WebDriverWait\n            object's timeout\n    \n        Example:\n        --------\n        >>> from selenium.webdriver.common.by import By\n        >>> from selenium.webdriver.support.ui import WebDriverWait\n        >>> from selenium.webdriver.support import expected_conditions as EC\n    \n        # Wait until an element is visible on the page\n        >>> wait = WebDriverWait(driver, 10)\n        >>> element = wait.until(EC.visibility_of_element_located((By.ID, \"exampleId\")))\n        >>> print(element.text)\n        \"\"\"\n        screen = None\n        stacktrace = None\n    \n        end_time = time.monotonic() + self._timeout\n        while True:\n            try:\n                value = method(self._driver)\n                if value:\n                    return value\n            except self._ignored_exceptions as exc:\n                screen = getattr(exc, \"screen\", None)\n                stacktrace = getattr(exc, \"stacktrace\", None)\n            if time.monotonic() > end_time:\n                break\n            time.sleep(self._poll)\n>       raise TimeoutException(message, screen, stacktrace)\nE       selenium.common.exceptions.TimeoutException: Message: \nE       Stacktrace:\nE       NoSuchElementError: An element could not be located on the page using the given search parameters.\nE           at AndroidUiautomator2Driver.findElOrEls (C:\\Program Files\\Appium\\resources\\app\\node_modules\\appium\\node_modules\\appium-android-driver\\lib\\commands\\find.js:75:11)\n\nD:\\python\\Lib\\site-packages\\selenium\\webdriver\\support\\wait.py:138: TimeoutException"}, "attachments": [{"name": "log", "source": "a7bac368-5bdb-4158-8ad0-ae3cd31542cd-attachment.txt", "type": "text/plain"}], "start": 1755085973299, "stop": 1755085973299, "uuid": "b1f743e2-bba0-4324-b85a-ae45336453c9", "historyId": "16d4565325243ad5d6dd79fed3b2af46", "testCaseId": "16d4565325243ad5d6dd79fed3b2af46", "fullName": "testcase.account_rename.nut_cloud.positive.test_home.TestHomeScenarios#test_long_cloud", "labels": [{"name": "epic", "value": "坚果云网盘详情页"}, {"name": "story", "value": "用户长按网盘"}, {"name": "feature", "value": "主页登录模块"}, {"name": "parentSuite", "value": "testcase.account_rename.nut_cloud.positive"}, {"name": "suite", "value": "test_home"}, {"name": "subSuite", "value": "TestHomeScenarios"}, {"name": "host", "value": "hv-test"}, {"name": "thread", "value": "16208-MainThread"}, {"name": "framework", "value": "pytest"}, {"name": "language", "value": "cpython3"}, {"name": "package", "value": "testcase.account_rename.nut_cloud.positive.test_home"}]}