{"name": "验证正确用户名密码登陆成功", "status": "broken", "statusDetails": {"message": "selenium.common.exceptions.TimeoutException: Message: \nStacktrace:\nNoSuchElementError: An element could not be located on the page using the given search parameters.\n    at AndroidUiautomator2Driver.findElOrEls (C:\\Program Files\\Appium\\resources\\app\\node_modules\\appium\\node_modules\\appium-android-driver\\lib\\commands\\find.js:75:11)", "trace": "setup = <pages.home_clouds_page.HomeCloudsPage object at 0x000001ED5ACDA8D0>\n\n    @pytest.fixture(scope=\"function\")\n    def nut_cloud_login_page(setup):\n>       nut_login_page = setup.click_nut_cloud_login_successful()\n                         ^^^^^^^^^^^^^^^^^^^^^^^^^^^^^^^^^^^^^^^^\n\n..\\..\\..\\..\\conftest.py:426: \n_ _ _ _ _ _ _ _ _ _ _ _ _ _ _ _ _ _ _ _ _ _ _ _ _ _ _ _ _ _ _ _ _ _ _ _ _ _ _ _\n..\\..\\..\\..\\pages\\home_clouds_page.py:78: in click_nut_cloud_login_successful\n    .click_nut_cloud(cloud_index) \\\n     ^^^^^^^^^^^^^^^^^^^^^^^^^^^^\n..\\..\\..\\..\\pages\\home_clouds_page.py:48: in click_nut_cloud\n    self.click_by_locator_index(\n..\\..\\..\\..\\base\\base_page.py:338: in click_by_locator_index\n    element = self.find_by_locator_index(locator, index, timeout)\n              ^^^^^^^^^^^^^^^^^^^^^^^^^^^^^^^^^^^^^^^^^^^^^^^^^^^\n..\\..\\..\\..\\base\\base_page.py:311: in find_by_locator_index\n    return self.wait_for_element((AppiumBy.XPATH, xpath), timeout)\n           ^^^^^^^^^^^^^^^^^^^^^^^^^^^^^^^^^^^^^^^^^^^^^^^^^^^^^^^\n..\\..\\..\\..\\base\\base_page.py:222: in wait_for_element\n    element = WebDriverWait(self.driver, timeout).until(\n_ _ _ _ _ _ _ _ _ _ _ _ _ _ _ _ _ _ _ _ _ _ _ _ _ _ _ _ _ _ _ _ _ _ _ _ _ _ _ _\n\nself = <selenium.webdriver.support.wait.WebDriverWait (session=\"ebad9f5d-8c4b-494e-8c7a-6ac35275647b\")>\nmethod = <function visibility_of_element_located.<locals>._predicate at 0x000001ED5ABF6E80>\nmessage = ''\n\n    def until(self, method: Callable[[D], Union[Literal[False], T]], message: str = \"\") -> T:\n        \"\"\"Wait until the method returns a value that is not False.\n    \n        Calls the method provided with the driver as an argument until the\n        return value does not evaluate to ``False``.\n    \n        Parameters:\n        -----------\n        method: callable(WebDriver)\n            - A callable object that takes a WebDriver instance as an argument.\n    \n        message: str\n            - Optional message for :exc:`TimeoutException`\n    \n        Return:\n        -------\n        object: T\n            - The result of the last call to `method`\n    \n        Raises:\n        -------\n        TimeoutException\n            - If 'method' does not return a truthy value within the WebDriverWait\n            object's timeout\n    \n        Example:\n        --------\n        >>> from selenium.webdriver.common.by import By\n        >>> from selenium.webdriver.support.ui import WebDriverWait\n        >>> from selenium.webdriver.support import expected_conditions as EC\n    \n        # Wait until an element is visible on the page\n        >>> wait = WebDriverWait(driver, 10)\n        >>> element = wait.until(EC.visibility_of_element_located((By.ID, \"exampleId\")))\n        >>> print(element.text)\n        \"\"\"\n        screen = None\n        stacktrace = None\n    \n        end_time = time.monotonic() + self._timeout\n        while True:\n            try:\n                value = method(self._driver)\n                if value:\n                    return value\n            except self._ignored_exceptions as exc:\n                screen = getattr(exc, \"screen\", None)\n                stacktrace = getattr(exc, \"stacktrace\", None)\n            if time.monotonic() > end_time:\n                break\n            time.sleep(self._poll)\n>       raise TimeoutException(message, screen, stacktrace)\nE       selenium.common.exceptions.TimeoutException: Message: \nE       Stacktrace:\nE       NoSuchElementError: An element could not be located on the page using the given search parameters.\nE           at AndroidUiautomator2Driver.findElOrEls (C:\\Program Files\\Appium\\resources\\app\\node_modules\\appium\\node_modules\\appium-android-driver\\lib\\commands\\find.js:75:11)\n\nD:\\python\\Lib\\site-packages\\selenium\\webdriver\\support\\wait.py:138: TimeoutException"}, "attachments": [{"name": "Setup阶段失败截图: test_input_username_password_login_success[\\u4f7f\\u7528\\u6709\\u6548\\u51ed\\u636e\\u767b\\u5f55_2]", "source": "f694fa02-e563-41d4-93e7-cc35e0ecbdeb-attachment.png", "type": "image/png"}, {"name": "log", "source": "6d24aaaa-e78b-41dd-8a50-1f361470b755-attachment.txt", "type": "text/plain"}, {"name": "Teardown阶段录屏: test_input_username_password_login_success[\\u4f7f\\u7528\\u6709\\u6548\\u51ed\\u636e\\u767b\\u5f55_2]", "source": "a0550a2f-7503-4630-b5dc-fe14f8a424d8-attachment.mp4", "type": "video/mp4"}], "parameters": [{"name": "login_data", "value": "{'test_name': 'valid_credentials_qq_1', 'username': '2303702042@qq.com', 'password': 'ae4nxkmfkejq9j5n', 'expected_result': True, 'description': '使用有效凭据登录'}"}], "start": 1755079293126, "stop": 1755079293126, "uuid": "290fffb5-c3c1-4298-918c-3e5942a6a3a3", "historyId": "7254d8abd681fa6e17d986518b34fcca", "testCaseId": "d9b99f9e1915d4084e2a0bb6a39dd71f", "fullName": "testcase.account_rename.nut_cloud.positive.test_login.TestLoginScenarios#test_input_username_password_login_success", "labels": [{"name": "feature", "value": "登录模块"}, {"name": "epic", "value": "坚果云网盘登陆页面测试"}, {"name": "parentSuite", "value": "testcase.account_rename.nut_cloud.positive"}, {"name": "suite", "value": "test_login"}, {"name": "subSuite", "value": "TestLoginScenarios"}, {"name": "host", "value": "hv-test"}, {"name": "thread", "value": "13228-MainThread"}, {"name": "framework", "value": "pytest"}, {"name": "language", "value": "cpython3"}, {"name": "package", "value": "testcase.account_rename.nut_cloud.positive.test_login"}]}