{"name": "验证是否出现绑定网盘弹窗", "status": "broken", "statusDetails": {"message": "selenium.common.exceptions.TimeoutException: Message: \nStacktrace:\nNoSuchElementError: An element could not be located on the page using the given search parameters.\n    at AndroidUiautomator2Driver.findElOrEls (C:\\Program Files\\Appium\\resources\\app\\node_modules\\appium\\node_modules\\appium-android-driver\\lib\\commands\\find.js:75:11)", "trace": "self = <test_home.TestHomeScenarios object at 0x000002E11FDB37D0>\nlogged_in_home_page = <pages.nut_cloud_page.home_page.HomePage object at 0x000002E11FE27310>\n\n    @allure.story(\"用户点击绑定网盘\")\n    @allure.title(\"验证是否出现绑定网盘弹窗\")\n    def test_bind_cloud(self, logged_in_home_page):\n        with allure.step(\"点击绑定网盘按钮\"):\n            logged_in_home_page \\\n                .click_cloud() \\\n>               .assert_bind_cloud_window()\n                 ^^^^^^^^^^^^^^^^^^^^^^^^^^\n\ntest_home.py:22: \n_ _ _ _ _ _ _ _ _ _ _ _ _ _ _ _ _ _ _ _ _ _ _ _ _ _ _ _ _ _ _ _ _ _ _ _ _ _ _ _\n..\\..\\..\\..\\pages\\nut_cloud_page\\home_page.py:151: in assert_bind_cloud_window\n    self.assert_element_visible(\n..\\..\\..\\..\\base\\base_page.py:621: in assert_element_visible\n    assert self.wait_for_element(locator, timeout, \"visible\"), \\\n           ^^^^^^^^^^^^^^^^^^^^^^^^^^^^^^^^^^^^^^^^^^^^^^^^^^\n..\\..\\..\\..\\base\\base_page.py:222: in wait_for_element\n    element = WebDriverWait(self.driver, timeout).until(\n_ _ _ _ _ _ _ _ _ _ _ _ _ _ _ _ _ _ _ _ _ _ _ _ _ _ _ _ _ _ _ _ _ _ _ _ _ _ _ _\n\nself = <selenium.webdriver.support.wait.WebDriverWait (session=\"06e28e31-66b8-4ca4-ba46-6856d0bc2f51\")>\nmethod = <function visibility_of_element_located.<locals>._predicate at 0x000002E11FD868E0>\nmessage = ''\n\n    def until(self, method: Callable[[D], Union[Literal[False], T]], message: str = \"\") -> T:\n        \"\"\"Wait until the method returns a value that is not False.\n    \n        Calls the method provided with the driver as an argument until the\n        return value does not evaluate to ``False``.\n    \n        Parameters:\n        -----------\n        method: callable(WebDriver)\n            - A callable object that takes a WebDriver instance as an argument.\n    \n        message: str\n            - Optional message for :exc:`TimeoutException`\n    \n        Return:\n        -------\n        object: T\n            - The result of the last call to `method`\n    \n        Raises:\n        -------\n        TimeoutException\n            - If 'method' does not return a truthy value within the WebDriverWait\n            object's timeout\n    \n        Example:\n        --------\n        >>> from selenium.webdriver.common.by import By\n        >>> from selenium.webdriver.support.ui import WebDriverWait\n        >>> from selenium.webdriver.support import expected_conditions as EC\n    \n        # Wait until an element is visible on the page\n        >>> wait = WebDriverWait(driver, 10)\n        >>> element = wait.until(EC.visibility_of_element_located((By.ID, \"exampleId\")))\n        >>> print(element.text)\n        \"\"\"\n        screen = None\n        stacktrace = None\n    \n        end_time = time.monotonic() + self._timeout\n        while True:\n            try:\n                value = method(self._driver)\n                if value:\n                    return value\n            except self._ignored_exceptions as exc:\n                screen = getattr(exc, \"screen\", None)\n                stacktrace = getattr(exc, \"stacktrace\", None)\n            if time.monotonic() > end_time:\n                break\n            time.sleep(self._poll)\n>       raise TimeoutException(message, screen, stacktrace)\nE       selenium.common.exceptions.TimeoutException: Message: \nE       Stacktrace:\nE       NoSuchElementError: An element could not be located on the page using the given search parameters.\nE           at AndroidUiautomator2Driver.findElOrEls (C:\\Program Files\\Appium\\resources\\app\\node_modules\\appium\\node_modules\\appium-android-driver\\lib\\commands\\find.js:75:11)\n\nD:\\python\\Lib\\site-packages\\selenium\\webdriver\\support\\wait.py:138: TimeoutException"}, "steps": [{"name": "点击绑定网盘按钮", "status": "broken", "statusDetails": {"message": "selenium.common.exceptions.TimeoutException: Message: \nStacktrace:\nNoSuchElementError: An element could not be located on the page using the given search parameters.\n    at AndroidUiautomator2Driver.findElOrEls (C:\\Program Files\\Appium\\resources\\app\\node_modules\\appium\\node_modules\\appium-android-driver\\lib\\commands\\find.js:75:11)\n", "trace": "  File \"D:\\clear6Trubo\\testcase\\account_rename\\nut_cloud\\positive\\test_home.py\", line 22, in test_bind_cloud\n    .assert_bind_cloud_window()\n     ^^^^^^^^^^^^^^^^^^^^^^^^^^\n  File \"D:\\clear6Trubo\\pages\\nut_cloud_page\\home_page.py\", line 151, in assert_bind_cloud_window\n    self.assert_element_visible(\n  File \"D:\\clear6Trubo\\base\\base_page.py\", line 621, in assert_element_visible\n    assert self.wait_for_element(locator, timeout, \"visible\"), \\\n           ^^^^^^^^^^^^^^^^^^^^^^^^^^^^^^^^^^^^^^^^^^^^^^^^^^\n  File \"D:\\clear6Trubo\\base\\base_page.py\", line 222, in wait_for_element\n    element = WebDriverWait(self.driver, timeout).until(\n              ^^^^^^^^^^^^^^^^^^^^^^^^^^^^^^^^^^^^^^^^^^\n  File \"D:\\python\\Lib\\site-packages\\selenium\\webdriver\\support\\wait.py\", line 138, in until\n    raise TimeoutException(message, screen, stacktrace)\n"}, "start": 1755153646731, "stop": 1755153657581}], "attachments": [{"name": "Call阶段失败截图: test_bind_cloud", "source": "5f78d6f7-7394-4d63-9c67-e00c5a5d2d84-attachment.png", "type": "image/png"}], "start": 1755153646731, "stop": 1755153657605, "uuid": "c56dc6b9-3029-4e75-be8c-4c23baaa5ccd", "historyId": "fb1a78a4b515e04275bb227c4c8a2e89", "testCaseId": "fb1a78a4b515e04275bb227c4c8a2e89", "fullName": "testcase.account_rename.nut_cloud.positive.test_home.TestHomeScenarios#test_bind_cloud", "labels": [{"name": "feature", "value": "主页登录模块"}, {"name": "epic", "value": "坚果云网盘详情页"}, {"name": "story", "value": "用户点击绑定网盘"}, {"name": "parentSuite", "value": "testcase.account_rename.nut_cloud.positive"}, {"name": "suite", "value": "test_home"}, {"name": "subSuite", "value": "TestHomeScenarios"}, {"name": "host", "value": "hv-test"}, {"name": "thread", "value": "25992-MainThread"}, {"name": "framework", "value": "pytest"}, {"name": "language", "value": "cpython3"}, {"name": "package", "value": "testcase.account_rename.nut_cloud.positive.test_home"}]}