{"name": "验证点击确定是否弹出对应提示", "status": "broken", "statusDetails": {"message": "selenium.common.exceptions.TimeoutException: Message: \nStacktrace:\nNoSuchElementError: An element could not be located on the page using the given search parameters.\n    at AndroidUiautomator2Driver.findElOrEls (C:\\Program Files\\Appium\\resources\\app\\node_modules\\appium\\node_modules\\appium-android-driver\\lib\\commands\\find.js:75:11)", "trace": "setup = <pages.home_clouds_page.HomeCloudsPage object at 0x000001F53A1EF510>\n\n    @pytest.fixture(scope=\"function\")\n    def nut_cloud_login_page(setup):\n>       nut_login_page = setup.click_nut_cloud_login_successful()\n                         ^^^^^^^^^^^^^^^^^^^^^^^^^^^^^^^^^^^^^^^^\n\n..\\..\\..\\..\\conftest.py:426: \n_ _ _ _ _ _ _ _ _ _ _ _ _ _ _ _ _ _ _ _ _ _ _ _ _ _ _ _ _ _ _ _ _ _ _ _ _ _ _ _\n..\\..\\..\\..\\pages\\home_clouds_page.py:78: in click_nut_cloud_login_successful\n    .click_nut_cloud(cloud_index) \\\n     ^^^^^^^^^^^^^^^^^^^^^^^^^^^^\n..\\..\\..\\..\\pages\\home_clouds_page.py:48: in click_nut_cloud\n    self.click_by_locator_index(\n..\\..\\..\\..\\base\\base_page.py:338: in click_by_locator_index\n    element = self.find_by_locator_index(locator, index, timeout)\n              ^^^^^^^^^^^^^^^^^^^^^^^^^^^^^^^^^^^^^^^^^^^^^^^^^^^\n..\\..\\..\\..\\base\\base_page.py:311: in find_by_locator_index\n    return self.wait_for_element((AppiumBy.XPATH, xpath), timeout)\n           ^^^^^^^^^^^^^^^^^^^^^^^^^^^^^^^^^^^^^^^^^^^^^^^^^^^^^^^\n..\\..\\..\\..\\base\\base_page.py:222: in wait_for_element\n    element = WebDriverWait(self.driver, timeout).until(\n_ _ _ _ _ _ _ _ _ _ _ _ _ _ _ _ _ _ _ _ _ _ _ _ _ _ _ _ _ _ _ _ _ _ _ _ _ _ _ _\n\nself = <selenium.webdriver.support.wait.WebDriverWait (session=\"7ffa081e-5666-4623-aa6d-51cf9004423d\")>\nmethod = <function visibility_of_element_located.<locals>._predicate at 0x000001F53A27E2A0>\nmessage = ''\n\n    def until(self, method: Callable[[D], Union[Literal[False], T]], message: str = \"\") -> T:\n        \"\"\"Wait until the method returns a value that is not False.\n    \n        Calls the method provided with the driver as an argument until the\n        return value does not evaluate to ``False``.\n    \n        Parameters:\n        -----------\n        method: callable(WebDriver)\n            - A callable object that takes a WebDriver instance as an argument.\n    \n        message: str\n            - Optional message for :exc:`TimeoutException`\n    \n        Return:\n        -------\n        object: T\n            - The result of the last call to `method`\n    \n        Raises:\n        -------\n        TimeoutException\n            - If 'method' does not return a truthy value within the WebDriverWait\n            object's timeout\n    \n        Example:\n        --------\n        >>> from selenium.webdriver.common.by import By\n        >>> from selenium.webdriver.support.ui import WebDriverWait\n        >>> from selenium.webdriver.support import expected_conditions as EC\n    \n        # Wait until an element is visible on the page\n        >>> wait = WebDriverWait(driver, 10)\n        >>> element = wait.until(EC.visibility_of_element_located((By.ID, \"exampleId\")))\n        >>> print(element.text)\n        \"\"\"\n        screen = None\n        stacktrace = None\n    \n        end_time = time.monotonic() + self._timeout\n        while True:\n            try:\n                value = method(self._driver)\n                if value:\n                    return value\n            except self._ignored_exceptions as exc:\n                screen = getattr(exc, \"screen\", None)\n                stacktrace = getattr(exc, \"stacktrace\", None)\n            if time.monotonic() > end_time:\n                break\n            time.sleep(self._poll)\n>       raise TimeoutException(message, screen, stacktrace)\nE       selenium.common.exceptions.TimeoutException: Message: \nE       Stacktrace:\nE       NoSuchElementError: An element could not be located on the page using the given search parameters.\nE           at AndroidUiautomator2Driver.findElOrEls (C:\\Program Files\\Appium\\resources\\app\\node_modules\\appium\\node_modules\\appium-android-driver\\lib\\commands\\find.js:75:11)\n\nD:\\python\\Lib\\site-packages\\selenium\\webdriver\\support\\wait.py:138: TimeoutException"}, "attachments": [{"name": "Setup阶段失败截图: test_click_sure_button", "source": "3ad6b8de-252e-4e66-adfb-d9e9416f7c0b-attachment.png", "type": "image/png"}], "start": 1755078859095, "stop": 1755078859095, "uuid": "795dade2-140f-49eb-99bb-e0319b0a463b", "historyId": "91b540a128a1d611b148f55da37dcca5", "testCaseId": "91b540a128a1d611b148f55da37dcca5", "fullName": "testcase.account_rename.nut_cloud.positive.test_login.TestLoginScenarios#test_click_sure_button", "labels": [{"name": "story", "value": "用户点击确定"}, {"name": "feature", "value": "登录模块"}, {"name": "epic", "value": "坚果云网盘登陆页面测试"}, {"name": "parentSuite", "value": "testcase.account_rename.nut_cloud.positive"}, {"name": "suite", "value": "test_login"}, {"name": "subSuite", "value": "TestLoginScenarios"}, {"name": "host", "value": "hv-test"}, {"name": "thread", "value": "25476-MainThread"}, {"name": "framework", "value": "pytest"}, {"name": "language", "value": "cpython3"}, {"name": "package", "value": "testcase.account_rename.nut_cloud.positive.test_login"}]}