{"name": "验证进入坚果云网盘", "status": "broken", "statusDetails": {"message": "selenium.common.exceptions.TimeoutException: Message: \nStacktrace:\nNoSuchElementError: An element could not be located on the page using the given search parameters.\n    at AndroidUiautomator2Driver.findElOrEls (C:\\Program Files\\Appium\\resources\\app\\node_modules\\appium\\node_modules\\appium-android-driver\\lib\\commands\\find.js:75:11)", "trace": "self = <test_home.TestHomeScenarios object at 0x00000168022EF650>\nlogged_in_home_page = <pages.nut_cloud_page.home_page.HomePage object at 0x0000016802367CD0>\n\n    @allure.story(\"用户点击坚果云网盘\")\n    @allure.title(\"验证进入坚果云网盘\")\n    def test_enter_nut_cloud_home(self, logged_in_home_page):\n        logged_in_home_page \\\n            .click_cloud() \\\n>           .assert_click_enter_nut_cloud()\n             ^^^^^^^^^^^^^^^^^^^^^^^^^^^^^^\n\ntest_home.py:36: \n_ _ _ _ _ _ _ _ _ _ _ _ _ _ _ _ _ _ _ _ _ _ _ _ _ _ _ _ _ _ _ _ _ _ _ _ _ _ _ _\n..\\..\\..\\..\\pages\\nut_cloud_page\\home_page.py:121: in assert_click_enter_nut_cloud\n    self.assert_resource_id_text(\n..\\..\\..\\..\\base\\base_page.py:677: in assert_resource_id_text\n    assert self.wait_for_element((AppiumBy.XPATH, xpath), timeout), \\\n           ^^^^^^^^^^^^^^^^^^^^^^^^^^^^^^^^^^^^^^^^^^^^^^^^^^^^^^^\n..\\..\\..\\..\\base\\base_page.py:222: in wait_for_element\n    element = WebDriverWait(self.driver, timeout).until(\n_ _ _ _ _ _ _ _ _ _ _ _ _ _ _ _ _ _ _ _ _ _ _ _ _ _ _ _ _ _ _ _ _ _ _ _ _ _ _ _\n\nself = <selenium.webdriver.support.wait.WebDriverWait (session=\"b325fffb-25ed-406b-b34b-7472f567e194\")>\nmethod = <function visibility_of_element_located.<locals>._predicate at 0x0000016802320360>\nmessage = ''\n\n    def until(self, method: Callable[[D], Union[Literal[False], T]], message: str = \"\") -> T:\n        \"\"\"Wait until the method returns a value that is not False.\n    \n        Calls the method provided with the driver as an argument until the\n        return value does not evaluate to ``False``.\n    \n        Parameters:\n        -----------\n        method: callable(WebDriver)\n            - A callable object that takes a WebDriver instance as an argument.\n    \n        message: str\n            - Optional message for :exc:`TimeoutException`\n    \n        Return:\n        -------\n        object: T\n            - The result of the last call to `method`\n    \n        Raises:\n        -------\n        TimeoutException\n            - If 'method' does not return a truthy value within the WebDriverWait\n            object's timeout\n    \n        Example:\n        --------\n        >>> from selenium.webdriver.common.by import By\n        >>> from selenium.webdriver.support.ui import WebDriverWait\n        >>> from selenium.webdriver.support import expected_conditions as EC\n    \n        # Wait until an element is visible on the page\n        >>> wait = WebDriverWait(driver, 10)\n        >>> element = wait.until(EC.visibility_of_element_located((By.ID, \"exampleId\")))\n        >>> print(element.text)\n        \"\"\"\n        screen = None\n        stacktrace = None\n    \n        end_time = time.monotonic() + self._timeout\n        while True:\n            try:\n                value = method(self._driver)\n                if value:\n                    return value\n            except self._ignored_exceptions as exc:\n                screen = getattr(exc, \"screen\", None)\n                stacktrace = getattr(exc, \"stacktrace\", None)\n            if time.monotonic() > end_time:\n                break\n            time.sleep(self._poll)\n>       raise TimeoutException(message, screen, stacktrace)\nE       selenium.common.exceptions.TimeoutException: Message: \nE       Stacktrace:\nE       NoSuchElementError: An element could not be located on the page using the given search parameters.\nE           at AndroidUiautomator2Driver.findElOrEls (C:\\Program Files\\Appium\\resources\\app\\node_modules\\appium\\node_modules\\appium-android-driver\\lib\\commands\\find.js:75:11)\n\nD:\\python\\Lib\\site-packages\\selenium\\webdriver\\support\\wait.py:138: TimeoutException"}, "attachments": [{"name": "Call阶段失败截图: test_enter_nut_cloud_home", "source": "d2b2a288-762b-4d62-bd06-ed0b4e6990cb-attachment.png", "type": "image/png"}, {"name": "log", "source": "ec784522-8e05-4866-ac0a-f60315abc6a8-attachment.txt", "type": "text/plain"}, {"name": "Teardown阶段录屏: test_enter_nut_cloud_home", "source": "81ffa59b-32ff-47f8-84a8-8e14edd94070-attachment.mp4", "type": "video/mp4"}], "start": 1755158639316, "stop": 1755158650053, "uuid": "28d6736e-ee8d-46db-b184-2a15709ff35d", "historyId": "b00c530f67dc5158203fa6aeef81edd3", "testCaseId": "b00c530f67dc5158203fa6aeef81edd3", "fullName": "testcase.account_rename.nut_cloud.positive.test_home.TestHomeScenarios#test_enter_nut_cloud_home", "labels": [{"name": "feature", "value": "主页登录模块"}, {"name": "story", "value": "用户点击坚果云网盘"}, {"name": "epic", "value": "坚果云网盘详情页"}, {"name": "parentSuite", "value": "testcase.account_rename.nut_cloud.positive"}, {"name": "suite", "value": "test_home"}, {"name": "subSuite", "value": "TestHomeScenarios"}, {"name": "host", "value": "hv-test"}, {"name": "thread", "value": "6980-MainThread"}, {"name": "framework", "value": "pytest"}, {"name": "language", "value": "cpython3"}, {"name": "package", "value": "testcase.account_rename.nut_cloud.positive.test_home"}]}